e:\大二下\图形学\第一次大作业\raytrace\raytrace\debug\vc140.pdb
e:\大二下\图形学\第一次大作业\raytrace\raytrace\debug\vc140.idb
e:\大二下\图形学\第一次大作业\raytrace\raytrace\debug\camera.obj
e:\大二下\图形学\第一次大作业\raytrace\raytrace\debug\drawer.obj
e:\大二下\图形学\第一次大作业\raytrace\raytrace\debug\lodepng.obj
e:\大二下\图形学\第一次大作业\raytrace\raytrace\debug\main.obj
e:\大二下\图形学\第一次大作业\raytrace\raytrace\debug\object.obj
e:\大二下\图形学\第一次大作业\raytrace\raytrace\debug\phongmodel.obj
e:\大二下\图形学\第一次大作业\raytrace\raytrace\debug\plane.obj
e:\大二下\图形学\第一次大作业\raytrace\raytrace\debug\point.obj
e:\大二下\图形学\第一次大作业\raytrace\raytrace\debug\ray.obj
e:\大二下\图形学\第一次大作业\raytrace\raytrace\debug\sphere.obj
e:\大二下\图形学\第一次大作业\raytrace\raytrace\debug\triangle.obj
e:\大二下\图形学\第一次大作业\raytrace\raytrace\debug\world.obj
e:\大二下\图形学\第一次大作业\raytrace\debug\raytrace.ilk
e:\大二下\图形学\第一次大作业\raytrace\debug\raytrace.exe
e:\大二下\图形学\第一次大作业\raytrace\debug\raytrace.pdb
e:\大二下\图形学\第一次大作业\raytrace\raytrace\debug\raytrace.tlog\cl.command.1.tlog
e:\大二下\图形学\第一次大作业\raytrace\raytrace\debug\raytrace.tlog\cl.read.1.tlog
e:\大二下\图形学\第一次大作业\raytrace\raytrace\debug\raytrace.tlog\cl.write.1.tlog
e:\大二下\图形学\第一次大作业\raytrace\raytrace\debug\raytrace.tlog\link.command.1.tlog
e:\大二下\图形学\第一次大作业\raytrace\raytrace\debug\raytrace.tlog\link.read.1.tlog
e:\大二下\图形学\第一次大作业\raytrace\raytrace\debug\raytrace.tlog\link.write.1.tlog
