  BeizerBSPTree.cpp
  Beizer_Line.cpp
Beizer_Line.cpp(99): warning C4267: “参数”: 从“size_t”转换到“int”，可能丢失数据
  Beizer_rotate.cpp
Beizer_rotate.cpp(26): warning C4244: “初始化”: 从“double”转换到“int”，可能丢失数据
Beizer_rotate.cpp(33): warning C4244: “初始化”: 从“double”转换到“int”，可能丢失数据
Beizer_rotate.cpp(78): warning C4996: 'fopen': This function or variable may be unsafe. Consider using fopen_s instead. To disable deprecation, use _CRT_SECURE_NO_WARNINGS. See online help for details.
  C:\Program Files (x86)\Windows Kits\10\Include\10.0.10240.0\ucrt\stdio.h(205): note: 参见“fopen”的声明
e:\大二下\图形学\第一次大作业\raytrace\raytrace\Point.h(87): warning C4244: “=”: 从“double”转换到“int”，可能丢失数据
  e:\大二下\图形学\第一次大作业\raytrace\raytrace\Point.h(82): note: 编译类 模板 成员函数“vector3<int>::vector3(T,T,T)”时
          with
          [
              T=int
          ]
  Beizer_rotate.cpp(42): note: 参见对正在编译的函数 模板 实例化“vector3<int>::vector3(T,T,T)”的引用
          with
          [
              T=int
          ]
  Beizer_rotate.cpp(42): note: 参见对正在编译的类 模板 实例化“vector3<int>”的引用
  Beizer_Surface.cpp
Beizer_Surface.cpp(105): warning C4244: “初始化”: 从“double”转换到“int”，可能丢失数据
Beizer_Surface.cpp(124): warning C4996: 'fopen': This function or variable may be unsafe. Consider using fopen_s instead. To disable deprecation, use _CRT_SECURE_NO_WARNINGS. See online help for details.
  C:\Program Files (x86)\Windows Kits\10\Include\10.0.10240.0\ucrt\stdio.h(205): note: 参见“fopen”的声明
e:\大二下\图形学\第一次大作业\raytrace\raytrace\Point.h(87): warning C4244: “=”: 从“double”转换到“int”，可能丢失数据
  e:\大二下\图形学\第一次大作业\raytrace\raytrace\Point.h(82): note: 编译类 模板 成员函数“vector3<int>::vector3(T,T,T)”时
          with
          [
              T=int
          ]
  Beizer_Surface.cpp(115): note: 参见对正在编译的函数 模板 实例化“vector3<int>::vector3(T,T,T)”的引用
          with
          [
              T=int
          ]
  Beizer_Surface.cpp(115): note: 参见对正在编译的类 模板 实例化“vector3<int>”的引用
  Beizer_Surface_Object.cpp
  BoundingBox.cpp
  BSPTree.cpp
  Camera.cpp
  drawer.cpp
drawer.cpp(60): warning C4018: “>=”: 有符号/无符号不匹配
drawer.cpp(93): warning C4018: “<”: 有符号/无符号不匹配
drawer.cpp(94): warning C4018: “<”: 有符号/无符号不匹配
  kdTree.cpp
kdTree.cpp(57): warning C4267: “参数”: 从“size_t”转换到“int”，可能丢失数据
  lodepng.cpp
lodepng.cpp(798): warning C4334: “<<”: 32 位移位的结果被隐式转换为 64 位(是否希望进行 64 位移位?)
lodepng.cpp(1458): warning C4267: “=”: 从“size_t”转换到“int”，可能丢失数据
lodepng.cpp(1462): warning C4267: “=”: 从“size_t”转换到“int”，可能丢失数据
lodepng.cpp(1534): warning C4267: “=”: 从“size_t”转换到“unsigned int”，可能丢失数据
lodepng.cpp(3478): warning C4334: “<<”: 32 位移位的结果被隐式转换为 64 位(是否希望进行 64 位移位?)
lodepng.cpp(3492): warning C4267: “参数”: 从“size_t”转换到“unsigned int”，可能丢失数据
lodepng.cpp(4332): warning C4267: “=”: 从“size_t”转换到“unsigned int”，可能丢失数据
lodepng.cpp(4380): warning C4267: “=”: 从“size_t”转换到“unsigned int”，可能丢失数据
lodepng.cpp(4460): warning C4267: “=”: 从“size_t”转换到“unsigned int”，可能丢失数据
lodepng.cpp(5403): warning C4267: “初始化”: 从“size_t”转换到“unsigned int”，可能丢失数据
  main.cpp
  MyRand.cpp
  Object.cpp
  PhongModel.cpp
  PhotonModel.cpp
  photon_map.cpp
photon_map.cpp(262): warning C4244: “参数”: 从“double”转换到“unsigned char”，可能丢失数据
  Plane.cpp
Plane.cpp(81): warning C4244: “初始化”: 从“double”转换到“int”，可能丢失数据
Plane.cpp(82): warning C4244: “初始化”: 从“double”转换到“int”，可能丢失数据
  Point.cpp
  Ray.cpp
  正在编译...
  Sphere.cpp
  Triangle.cpp
  World.cpp
World.cpp(256): warning C4267: “/=”: 从“size_t”转换到“int”，可能丢失数据
World.cpp(257): warning C4267: “/=”: 从“size_t”转换到“int”，可能丢失数据
World.cpp(258): warning C4267: “/=”: 从“size_t”转换到“int”，可能丢失数据
World.cpp(265): warning C4018: “<”: 有符号/无符号不匹配
World.cpp(268): warning C4018: “<”: 有符号/无符号不匹配
  正在生成代码
e:\大二下\图形学\第一次大作业\raytrace\raytrace\boundingbox.cpp(154): warning C4715: “BoundingBox::get_normalvec”: 不是所有的控件路径都返回值
  All 1489 functions were compiled because no usable IPDB/IOBJ from previous compilation was found.
  已完成代码的生成
  raytrace.vcxproj -> E:\大二下\图形学\第一次大作业\raytrace\x64\Release\raytrace.exe
  raytrace.vcxproj -> E:\大二下\图形学\第一次大作业\raytrace\x64\Release\raytrace.pdb (Full PDB)
