e:\大二下\图形学\第一次大作业\raytrace\raytrace\x64\release\vc140.pdb
e:\大二下\图形学\第一次大作业\raytrace\raytrace\x64\release\sphere.obj
e:\大二下\图形学\第一次大作业\raytrace\raytrace\x64\release\ray.obj
e:\大二下\图形学\第一次大作业\raytrace\raytrace\x64\release\point.obj
e:\大二下\图形学\第一次大作业\raytrace\raytrace\x64\release\plane.obj
e:\大二下\图形学\第一次大作业\raytrace\raytrace\x64\release\photon_map.obj
e:\大二下\图形学\第一次大作业\raytrace\raytrace\x64\release\photonmodel.obj
e:\大二下\图形学\第一次大作业\raytrace\raytrace\x64\release\phongmodel.obj
e:\大二下\图形学\第一次大作业\raytrace\raytrace\x64\release\object.obj
e:\大二下\图形学\第一次大作业\raytrace\raytrace\x64\release\main.obj
e:\大二下\图形学\第一次大作业\raytrace\raytrace\x64\release\lodepng.obj
e:\大二下\图形学\第一次大作业\raytrace\raytrace\x64\release\kdtree.obj
e:\大二下\图形学\第一次大作业\raytrace\raytrace\x64\release\drawer.obj
e:\大二下\图形学\第一次大作业\raytrace\raytrace\x64\release\camera.obj
e:\大二下\图形学\第一次大作业\raytrace\raytrace\x64\release\bsptree.obj
e:\大二下\图形学\第一次大作业\raytrace\raytrace\x64\release\boundingbox.obj
e:\大二下\图形学\第一次大作业\raytrace\raytrace\x64\release\beizer_surface_object.obj
e:\大二下\图形学\第一次大作业\raytrace\raytrace\x64\release\beizer_surface.obj
e:\大二下\图形学\第一次大作业\raytrace\raytrace\x64\release\beizer_rotate.obj
e:\大二下\图形学\第一次大作业\raytrace\raytrace\x64\release\beizer_line.obj
e:\大二下\图形学\第一次大作业\raytrace\raytrace\x64\release\beizerbsptree.obj
e:\大二下\图形学\第一次大作业\raytrace\raytrace\x64\release\world.obj
e:\大二下\图形学\第一次大作业\raytrace\raytrace\x64\release\triangle.obj
e:\大二下\图形学\第一次大作业\raytrace\x64\release\raytrace.exe
e:\大二下\图形学\第一次大作业\raytrace\x64\release\raytrace.ipdb
e:\大二下\图形学\第一次大作业\raytrace\x64\release\raytrace.iobj
e:\大二下\图形学\第一次大作业\raytrace\x64\release\raytrace.pdb
e:\大二下\图形学\第一次大作业\raytrace\raytrace\x64\release\raytrace.tlog\cl.command.1.tlog
e:\大二下\图形学\第一次大作业\raytrace\raytrace\x64\release\raytrace.tlog\cl.read.1.tlog
e:\大二下\图形学\第一次大作业\raytrace\raytrace\x64\release\raytrace.tlog\cl.write.1.tlog
e:\大二下\图形学\第一次大作业\raytrace\raytrace\x64\release\raytrace.tlog\link.command.1.tlog
e:\大二下\图形学\第一次大作业\raytrace\raytrace\x64\release\raytrace.tlog\link.read.1.tlog
e:\大二下\图形学\第一次大作业\raytrace\raytrace\x64\release\raytrace.tlog\link.write.1.tlog
